[debug] [2023-02-12T11:13:47.958Z] ----------------------------------------------------------------------
[debug] [2023-02-12T11:13:47.959Z] Command:       C:\Program Files\nodejs\node.exe C:\Users\klkma\AppData\Roaming\npm\node_modules\firebase-tools\lib\bin\firebase.js init
[debug] [2023-02-12T11:13:47.960Z] CLI Version:   11.21.0
[debug] [2023-02-12T11:13:47.960Z] Platform:      win32
[debug] [2023-02-12T11:13:47.960Z] Node Version:  v19.3.0
[debug] [2023-02-12T11:13:47.960Z] Time:          Sun Feb 12 2023 16:43:47 GMT+0530 (India Standard Time)
[debug] [2023-02-12T11:13:47.960Z] ----------------------------------------------------------------------
[debug] 
[debug] [2023-02-12T11:13:47.963Z] >>> [apiv2][query] GET https://firebase-public.firebaseio.com/cli.json [none]
[debug] [2023-02-12T11:13:48.063Z] > command requires scopes: ["email","openid","https://www.googleapis.com/auth/cloudplatformprojects.readonly","https://www.googleapis.com/auth/firebase","https://www.googleapis.com/auth/cloud-platform"]
[debug] [2023-02-12T11:13:48.063Z] > authorizing via signed-in user (hameedshaik381@gmail.com)
[info] 
     ######## #### ########  ######## ########     ###     ######  ########
     ##        ##  ##     ## ##       ##     ##  ##   ##  ##       ##
     ######    ##  ########  ######   ########  #########  ######  ######
     ##        ##  ##    ##  ##       ##     ## ##     ##       ## ##
     ##       #### ##     ## ######## ########  ##     ##  ######  ########

You're about to initialize a Firebase project in this directory:

  C:\Users\klkma\Desktop\school

Before we get started, keep in mind:

  * You are initializing within an existing Firebase project directory

[debug] [2023-02-12T11:13:48.795Z] <<< [apiv2][status] GET https://firebase-public.firebaseio.com/cli.json 200
[debug] [2023-02-12T11:13:48.796Z] <<< [apiv2][body] GET https://firebase-public.firebaseio.com/cli.json {"cloudBuildErrorAfter":1594252800000,"cloudBuildWarnAfter":1590019200000,"defaultNode10After":1594252800000,"minVersion":"3.0.5","node8DeploysDisabledAfter":1613390400000,"node8RuntimeDisabledAfter":1615809600000,"node8WarnAfter":1600128000000}
[info] 
=== Project Setup
[info] 
[info] First, let's associate this project directory with a Firebase project.
[info] You can create multiple project aliases by running firebase use --add, 
[info] but for now we'll just set up a default project.
[info] 
[debug] [2023-02-12T11:13:53.522Z] Using project from CLI flag: christ-f4667
[debug] [2023-02-12T11:13:53.523Z] > refreshing access token with scopes: []
[debug] [2023-02-12T11:13:53.524Z] >>> [apiv2][query] POST https://www.googleapis.com/oauth2/v3/token [none]
[debug] [2023-02-12T11:13:53.524Z] >>> [apiv2][body] POST https://www.googleapis.com/oauth2/v3/token [omitted]
[debug] [2023-02-12T11:13:53.924Z] <<< [apiv2][status] POST https://www.googleapis.com/oauth2/v3/token 200
[debug] [2023-02-12T11:13:53.925Z] <<< [apiv2][body] POST https://www.googleapis.com/oauth2/v3/token [omitted]
[debug] [2023-02-12T11:13:53.935Z] >>> [apiv2][query] GET https://firebase.googleapis.com/v1beta1/projects/christ-f4667 [none]
[debug] [2023-02-12T11:13:54.542Z] <<< [apiv2][status] GET https://firebase.googleapis.com/v1beta1/projects/christ-f4667 200
[debug] [2023-02-12T11:13:54.543Z] <<< [apiv2][body] GET https://firebase.googleapis.com/v1beta1/projects/christ-f4667 {"projectId":"christ-f4667","projectNumber":"641220768731","displayName":"christ","name":"projects/christ-f4667","resources":{"hostingSite":"christ-f4667"},"state":"ACTIVE","etag":"1_aef5e756-2822-4b4f-bc9c-7dc45610b05d"}
[info] i  Using project christ-f4667 (christ) 
[info] 
=== Hosting Setup
[info] 
[info] Your public directory is the folder (relative to your project directory) that
[info] will contain Hosting assets to be uploaded with firebase deploy. If you
[info] have a build process for your assets, use your build's output directory.
[info] 
[debug] [2023-03-16T07:43:03.134Z] ----------------------------------------------------------------------
[debug] [2023-03-16T07:43:03.136Z] Command:       C:\Program Files\nodejs\node.exe C:\Users\klkma\AppData\Roaming\npm\node_modules\firebase-tools\lib\bin\firebase.js init
[debug] [2023-03-16T07:43:03.136Z] CLI Version:   11.21.0
[debug] [2023-03-16T07:43:03.136Z] Platform:      win32
[debug] [2023-03-16T07:43:03.136Z] Node Version:  v19.3.0
[debug] [2023-03-16T07:43:03.136Z] Time:          Thu Mar 16 2023 13:13:03 GMT+0530 (India Standard Time)
[debug] [2023-03-16T07:43:03.137Z] ----------------------------------------------------------------------
[debug] 
[debug] [2023-03-16T07:43:03.140Z] >>> [apiv2][query] GET https://firebase-public.firebaseio.com/cli.json [none]
[debug] [2023-03-16T07:43:03.220Z] > command requires scopes: ["email","openid","https://www.googleapis.com/auth/cloudplatformprojects.readonly","https://www.googleapis.com/auth/firebase","https://www.googleapis.com/auth/cloud-platform"]
[debug] [2023-03-16T07:43:03.220Z] > authorizing via signed-in user (hameedshaik381@gmail.com)
[info] 
     ######## #### ########  ######## ########     ###     ######  ########
     ##        ##  ##     ## ##       ##     ##  ##   ##  ##       ##
     ######    ##  ########  ######   ########  #########  ######  ######
     ##        ##  ##    ##  ##       ##     ## ##     ##       ## ##
     ##       #### ##     ## ######## ########  ##     ##  ######  ########

You're about to initialize a Firebase project in this directory:

  C:\Users\klkma\Desktop\school

Before we get started, keep in mind:

  * You are initializing within an existing Firebase project directory

[debug] [2023-03-16T07:43:03.826Z] <<< [apiv2][status] GET https://firebase-public.firebaseio.com/cli.json 200
[debug] [2023-03-16T07:43:03.827Z] <<< [apiv2][body] GET https://firebase-public.firebaseio.com/cli.json {"cloudBuildErrorAfter":1594252800000,"cloudBuildWarnAfter":1590019200000,"defaultNode10After":1594252800000,"minVersion":"3.0.5","node8DeploysDisabledAfter":1613390400000,"node8RuntimeDisabledAfter":1615809600000,"node8WarnAfter":1600128000000}
[info] 
=== Project Setup
[info] 
[info] First, let's associate this project directory with a Firebase project.
[info] You can create multiple project aliases by running firebase use --add, 
[info] but for now we'll just set up a default project.
[info] 
[debug] [2023-03-16T07:43:10.196Z] Using project from CLI flag: christ-f4667
[debug] [2023-03-16T07:43:10.197Z] > refreshing access token with scopes: []
[debug] [2023-03-16T07:43:10.198Z] >>> [apiv2][query] POST https://www.googleapis.com/oauth2/v3/token [none]
[debug] [2023-03-16T07:43:10.198Z] >>> [apiv2][body] POST https://www.googleapis.com/oauth2/v3/token [omitted]
[debug] [2023-03-16T07:43:10.428Z] <<< [apiv2][status] POST https://www.googleapis.com/oauth2/v3/token 200
[debug] [2023-03-16T07:43:10.428Z] <<< [apiv2][body] POST https://www.googleapis.com/oauth2/v3/token [omitted]
[debug] [2023-03-16T07:43:10.434Z] >>> [apiv2][query] GET https://firebase.googleapis.com/v1beta1/projects/christ-f4667 [none]
[debug] [2023-03-16T07:43:10.912Z] <<< [apiv2][status] GET https://firebase.googleapis.com/v1beta1/projects/christ-f4667 200
[debug] [2023-03-16T07:43:10.912Z] <<< [apiv2][body] GET https://firebase.googleapis.com/v1beta1/projects/christ-f4667 {"projectId":"christ-f4667","projectNumber":"641220768731","displayName":"christ","name":"projects/christ-f4667","resources":{"hostingSite":"christ-f4667"},"state":"ACTIVE","etag":"1_aef5e756-2822-4b4f-bc9c-7dc45610b05d"}
[info] i  Using project christ-f4667 (christ) 
[info] 
=== Hosting Setup
[info] 
[info] Your public directory is the folder (relative to your project directory) that
[info] will contain Hosting assets to be uploaded with firebase deploy. If you
[info] have a build process for your assets, use your build's output directory.
[info] 
